test@gmail.com  test1234  Fri 11 Feb 2022 17:34:15
Lina@gmail.com  passeLina  Fri 11 Feb 2022 17:34:44
Edgar@gmail.com  passeEdgar  Fri 11 Feb 2022 17:42:02
Edgar@gmail.com  passeEdgar  Fri 11 Feb 2022 17:49:42
test@gmail.com  test1234  Tue 15 Feb 2022 16:27:04
test@gmail.com  test1234  Tue 15 Feb 2022 16:27:15
test@gmail.com  test1234  Tue 15 Feb 2022 16:34:34
test@gmail.com  test1234  Tue 15 Feb 2022 16:35:08
test@gmail.com  test1234  Mon 07 Mar 2022 15:30:31
test@gmail.com  test1234  Mon 07 Mar 2022 15:30:46
test@gmail.com  test1234  Mon 07 Mar 2022 15:32:45
test@gmail.com  test1234  Mon 07 Mar 2022 15:51:48
test@gmail.com  test1234  Mon 07 Mar 2022 15:54:33
test@gmail.com  test1234  Mon 07 Mar 2022 15:55:03
Lina@gmail.com  passeLina  Mon 07 Mar 2022 15:55:42
test@gmail.com  test1234  Mon 07 Mar 2022 15:59:58
Gio@gmail.com  passeGio  Mon 07 Mar 2022 16:04:49
Gio@gmail.com  passeGio  Mon 07 Mar 2022 16:07:18
Gio@gmail.com  passeGio  Mon 07 Mar 2022 16:07:34
Gio@gmail.com  passeGio  Mon 07 Mar 2022 16:07:58
Flo@gmail.com  passeFlo  Mon 07 Mar 2022 16:08:15
test@gmail.com  test1234  Mon 07 Mar 2022 16:10:03
test@gmail.com  test1234  Mon 07 Mar 2022 16:10:21
test@gmail.com  test1234  Mon 14 Mar 2022 12:05:10
test@gmail.com  test1234  Thu 05 May 2022 19:38:17
